mode: set
github.com/gitalek/web_searcher/pkg/searcher/storage.go:15.62,16.24 1 1
github.com/gitalek/web_searcher/pkg/searcher/storage.go:19.2,21.3 1 0
github.com/gitalek/web_searcher/pkg/searcher/storage.go:16.24,18.3 1 1
github.com/gitalek/web_searcher/pkg/searcher/storage.go:31.61,35.16 4 1
github.com/gitalek/web_searcher/pkg/searcher/storage.go:35.16,37.3 1 1
github.com/gitalek/web_searcher/pkg/searcher/storage.go:37.8,39.3 1 1
github.com/gitalek/web_searcher/pkg/searcher/helpers.go:3.39,6.26 3 1
github.com/gitalek/web_searcher/pkg/searcher/helpers.go:12.2,12.13 1 1
github.com/gitalek/web_searcher/pkg/searcher/helpers.go:6.26,7.32 1 1
github.com/gitalek/web_searcher/pkg/searcher/helpers.go:7.32,10.4 2 1
github.com/gitalek/web_searcher/pkg/searcher/searcher.go:13.112,14.15 1 1
github.com/gitalek/web_searcher/pkg/searcher/searcher.go:20.2,21.16 2 1
github.com/gitalek/web_searcher/pkg/searcher/searcher.go:26.2,26.11 1 1
github.com/gitalek/web_searcher/pkg/searcher/searcher.go:33.2,35.16 3 1
github.com/gitalek/web_searcher/pkg/searcher/searcher.go:41.2,42.16 2 1
github.com/gitalek/web_searcher/pkg/searcher/searcher.go:46.2,47.16 2 1
github.com/gitalek/web_searcher/pkg/searcher/searcher.go:52.2,55.8 3 1
github.com/gitalek/web_searcher/pkg/searcher/searcher.go:14.15,17.3 2 1
github.com/gitalek/web_searcher/pkg/searcher/searcher.go:21.16,24.3 2 1
github.com/gitalek/web_searcher/pkg/searcher/searcher.go:26.11,31.3 3 1
github.com/gitalek/web_searcher/pkg/searcher/searcher.go:35.16,38.3 2 0
github.com/gitalek/web_searcher/pkg/searcher/searcher.go:42.16,45.3 2 0
github.com/gitalek/web_searcher/pkg/searcher/searcher.go:47.16,49.3 1 0
github.com/gitalek/web_searcher/pkg/searcher/searcher.go:58.101,63.15 4 1
github.com/gitalek/web_searcher/pkg/searcher/searcher.go:67.2,69.27 3 1
github.com/gitalek/web_searcher/pkg/searcher/searcher.go:74.2,75.24 2 1
github.com/gitalek/web_searcher/pkg/searcher/searcher.go:63.15,65.3 1 1
github.com/gitalek/web_searcher/pkg/searcher/searcher.go:69.27,73.3 3 1
