mode: set
github.com/gitalek/web_searcher/pkg/searcher/helpers.go:3.39,6.26 3 1
github.com/gitalek/web_searcher/pkg/searcher/helpers.go:12.2,12.13 1 1
github.com/gitalek/web_searcher/pkg/searcher/helpers.go:6.26,7.38 1 1
github.com/gitalek/web_searcher/pkg/searcher/helpers.go:7.38,10.4 2 1
github.com/gitalek/web_searcher/pkg/searcher/searcher.go:13.112,14.15 1 1
github.com/gitalek/web_searcher/pkg/searcher/searcher.go:20.2,21.16 2 1
github.com/gitalek/web_searcher/pkg/searcher/searcher.go:26.2,26.11 1 1
github.com/gitalek/web_searcher/pkg/searcher/searcher.go:33.2,35.16 3 1
github.com/gitalek/web_searcher/pkg/searcher/searcher.go:41.2,42.16 2 1
github.com/gitalek/web_searcher/pkg/searcher/searcher.go:46.2,47.16 2 1
github.com/gitalek/web_searcher/pkg/searcher/searcher.go:52.2,54.30 2 1
github.com/gitalek/web_searcher/pkg/searcher/searcher.go:14.15,17.3 2 1
github.com/gitalek/web_searcher/pkg/searcher/searcher.go:21.16,24.3 2 0
github.com/gitalek/web_searcher/pkg/searcher/searcher.go:26.11,31.3 3 1
github.com/gitalek/web_searcher/pkg/searcher/searcher.go:35.16,38.3 2 0
github.com/gitalek/web_searcher/pkg/searcher/searcher.go:42.16,45.3 2 0
github.com/gitalek/web_searcher/pkg/searcher/searcher.go:47.16,49.3 1 0
github.com/gitalek/web_searcher/pkg/searcher/searcher.go:57.94,62.15 4 1
github.com/gitalek/web_searcher/pkg/searcher/searcher.go:66.2,68.27 3 1
github.com/gitalek/web_searcher/pkg/searcher/searcher.go:73.2,74.24 2 1
github.com/gitalek/web_searcher/pkg/searcher/searcher.go:62.15,64.3 1 1
github.com/gitalek/web_searcher/pkg/searcher/searcher.go:68.27,72.3 3 1
github.com/gitalek/web_searcher/pkg/searcher/storage.go:10.55,11.24 1 1
github.com/gitalek/web_searcher/pkg/searcher/storage.go:16.2,18.3 1 0
github.com/gitalek/web_searcher/pkg/searcher/storage.go:11.24,15.3 1 1
github.com/gitalek/web_searcher/pkg/searcher/storage.go:28.50,32.2 3 1
